<?xml version="1.0" encoding="UTF-8"?>
<!-- Generated by org.testng.reporters.JUnitReportReporter -->
<testsuite hostname="INBOOK_X2_PLUS" failures="0" tests="4" name="com.cucumber.runner.TestNGCucumberRunner" time="42.414" errors="0" timestamp="01 Aug 2024 09:22:16 GMT" skipped="0">
  <testcase classname="com.cucumber.runner.TestNGCucumberRunner" name="runScenario" time="10.002"/>
  <testcase classname="com.cucumber.runner.TestNGCucumberRunner" name="runScenario" time="11.890"/>
  <testcase classname="com.cucumber.runner.TestNGCucumberRunner" name="runScenario" time="10.123"/>
  <testcase classname="com.cucumber.runner.TestNGCucumberRunner" name="runScenario" time="10.399"/>
</testsuite> <!-- com.cucumber.runner.TestNGCucumberRunner -->
