<?xml version="1.0" encoding="UTF-8"?>
<!-- Generated by org.testng.reporters.JUnitReportReporter -->
<testsuite hostname="INBOOK_X2_PLUS" failures="0" tests="4" name="com.cucumber.runner.TestNGCucumberRunner" time="54.010" errors="0" timestamp="31 Jul 2024 12:18:08 GMT" skipped="0">
  <testcase classname="com.cucumber.runner.TestNGCucumberRunner" name="runScenario" time="27.985"/>
  <testcase classname="com.cucumber.runner.TestNGCucumberRunner" name="runScenario" time="6.462"/>
  <testcase classname="com.cucumber.runner.TestNGCucumberRunner" name="runScenario" time="9.851"/>
  <testcase classname="com.cucumber.runner.TestNGCucumberRunner" name="runScenario" time="9.712"/>
</testsuite> <!-- com.cucumber.runner.TestNGCucumberRunner -->
