<?xml version="1.0" encoding="UTF-8"?>
<!-- Generated by org.testng.reporters.JUnitReportReporter -->
<testsuite hostname="INBOOK_X2_PLUS" failures="0" tests="4" name="com.guru99.bank.Guru99BankTest" time="17.545" errors="0" timestamp="31 Jul 2024 12:11:57 GMT" skipped="0">
  <testcase classname="com.guru99.bank.Guru99BankTest" name="loginWithInvalidUserIdAndValidPassword" time="7.951"/>
  <testcase classname="com.guru99.bank.Guru99BankTest" name="loginWithValidUserIdAndInvalidPassword" time="4.567"/>
  <testcase classname="com.guru99.bank.Guru99BankTest" name="loginWithValidUserIdAndValidPassword" time="4.365"/>
  <testcase classname="com.guru99.bank.Guru99BankTest" name="loginWithInvalidUserIdAndInvalidPassword" time="0.662"/>
</testsuite> <!-- com.guru99.bank.Guru99BankTest -->
