<?xml version="1.0" encoding="UTF-8"?>
<!-- Generated by org.testng.reporters.JUnitReportReporter -->
<testsuite hostname="INBOOK_X2_PLUS" failures="0" tests="4" name="com.guru99.bank.TestNGCucumberRunner" time="30.789" errors="0" timestamp="28 Jul 2024 09:57:00 GMT" skipped="0">
  <testcase classname="com.guru99.bank.TestNGCucumberRunner" name="runScenario" time="7.417"/>
  <testcase classname="com.guru99.bank.TestNGCucumberRunner" name="runScenario" time="7.690"/>
  <testcase classname="com.guru99.bank.TestNGCucumberRunner" name="runScenario" time="7.417"/>
  <testcase classname="com.guru99.bank.TestNGCucumberRunner" name="runScenario" time="8.265"/>
</testsuite> <!-- com.guru99.bank.TestNGCucumberRunner -->
