<?xml version="1.0" encoding="UTF-8"?>
<!-- Generated by org.testng.reporters.JUnitReportReporter -->
<testsuite hostname="INBOOK_X2_PLUS" failures="0" tests="4" name="com.guru99.bank.Guru99BankTest" time="7.220" errors="0" timestamp="28 Jul 2024 05:44:01 GMT" skipped="0">
  <testcase classname="com.guru99.bank.Guru99BankTest" name="loginWithInvalidUserIdAndInvalidPassword" time="0.512"/>
  <testcase classname="com.guru99.bank.Guru99BankTest" name="loginWithInvalidUserIdAndValidPassword" time="2.013"/>
  <testcase classname="com.guru99.bank.Guru99BankTest" name="loginWithValidUserIdAndValidPassword" time="2.850"/>
  <testcase classname="com.guru99.bank.Guru99BankTest" name="loginWithValidUserIdAndInvalidPassword" time="1.845"/>
</testsuite> <!-- com.guru99.bank.Guru99BankTest -->
