<?xml version="1.0" encoding="UTF-8"?>
<!-- Generated by org.testng.reporters.JUnitReportReporter -->
<testsuite hostname="INBOOK_X2_PLUS" failures="0" tests="1" name="com.guru99.bank.Login" time="12.901" errors="0" timestamp="2024-07-26T13:55:07 IST" skipped="0">
  <testcase classname="com.guru99.bank.Login" name="login" time="12.901"/>
</testsuite> <!-- com.guru99.bank.Login -->
